<?xml version="1.0" encoding="UTF-8"?>
<!-- Generated by org.testng.reporters.JUnitReportReporter -->
<testsuite hostname="asus" failures="0" tests="1" name="com.hrms.testscripts.TC002" time="12.936" errors="0" timestamp="2023-11-29T10:00:11 IST" skipped="0">
  <testcase classname="com.hrms.testscripts.TC002" name="tc002" time="12.936"/>
  <system-out/>
</testsuite> <!-- com.hrms.testscripts.TC002 -->
